<?xml version="1.0" encoding="UTF-8"?>
<testsuite name="com.market.citymarket.api.CitymarketApplicationTests" tests="1" skipped="0" failures="0" errors="0" timestamp="2024-09-15T20:45:29" hostname="Osas-Macbook-Pro.local" time="0.395">
  <properties/>
  <testcase name="contextLoads()" classname="com.market.citymarket.api.CitymarketApplicationTests" time="0.395"/>
  <system-out><![CDATA[16:45:29.037 [Test worker] INFO org.springframework.test.context.support.AnnotationConfigContextLoaderUtils -- Could not detect default configuration classes for test class [com.market.citymarket.api.CitymarketApplicationTests]: CitymarketApplicationTests does not declare any static, non-private, non-final, nested classes annotated with @Configuration.
16:45:29.093 [Test worker] INFO org.springframework.boot.test.context.SpringBootTestContextBootstrapper -- Found @SpringBootConfiguration com.market.citymarket.api.CitymarketApplication for test class com.market.citymarket.api.CitymarketApplicationTests

  .   ____          _            __ _ _
 /\\ / ___'_ __ _ _(_)_ __  __ _ \ \ \ \
( ( )\___ | '_ | '_| | '_ \/ _` | \ \ \ \
 \\/  ___)| |_)| | | | | || (_| |  ) ) ) )
  '  |____| .__|_| |_|_| |_\__, | / / / /
 =========|_|==============|___/=/_/_/_/

 :: Spring Boot ::                (v3.3.3)

2024-09-15T16:45:29.255-04:00  INFO 74966 --- [citymarket] [    Test worker] c.m.c.api.CitymarketApplicationTests     : Starting CitymarketApplicationTests using Java 17.0.2 with PID 74966 (started by osanyemosadebe in /Users/osanyemosadebe/learning-repos/city-market-backend)
2024-09-15T16:45:29.256-04:00  INFO 74966 --- [citymarket] [    Test worker] c.m.c.api.CitymarketApplicationTests     : No active profile set, falling back to 1 default profile: "default"
2024-09-15T16:45:29.762-04:00  INFO 74966 --- [citymarket] [    Test worker] c.m.c.api.CitymarketApplicationTests     : Started CitymarketApplicationTests in 0.604 seconds (process running for 1.183)
]]></system-out>
  <system-err><![CDATA[]]></system-err>
</testsuite>
